
> aggrosso-frontend@1.0.0 build
> vite build

[36mvite v5.4.21 [32mbuilding for production...[36m[39m
transforming...
[32mΓ£ô[39m 3624 modules transformed.
rendering chunks...
computing gzip size...
[2mdist/[22m[32mindex.html                                       [39m[1m[2m  0.97 kB[22m[1m[22m[2m Γöé gzip:   0.53 kB[22m
[2mdist/[22m[35massets/index-BQJJ5Yi9.css                        [39m[1m[2m 14.30 kB[22m[1m[22m[2m Γöé gzip:   3.71 kB[22m
[2mdist/[22m[36massets/clone-BTcUgUjq.js                         [39m[1m[2m  0.10 kB[22m[1m[22m[2m Γöé gzip:   0.11 kB[22m
[2mdist/[22m[36massets/channel-DjdcjvMd.js                       [39m[1m[2m  0.11 kB[22m[1m[22m[2m Γöé gzip:   0.12 kB[22m
[2mdist/[22m[36massets/init-Gi6I4Gst.js                          [39m[1m[2m  0.15 kB[22m[1m[22m[2m Γöé gzip:   0.13 kB[22m
[2mdist/[22m[36massets/chunk-QZHKN3VN-B4PafY4t.js                [39m[1m[2m  0.19 kB[22m[1m[22m[2m Γöé gzip:   0.16 kB[22m
[2mdist/[22m[36massets/chunk-55IACEB6-DhYbd8rb.js                [39m[1m[2m  0.23 kB[22m[1m[22m[2m Γöé gzip:   0.21 kB[22m
[2mdist/[22m[36massets/chunk-4BX2VUAB-WDXwBaef.js                [39m[1m[2m  0.29 kB[22m[1m[22m[2m Γöé gzip:   0.20 kB[22m
[2mdist/[22m[36massets/stateDiagram-v2-4FDKWEC3-Ckl8xHmn.js      [39m[1m[2m  0.36 kB[22m[1m[22m[2m Γöé gzip:   0.27 kB[22m
[2mdist/[22m[36massets/chunk-FMBD7UC4-By0jGv3r.js                [39m[1m[2m  0.36 kB[22m[1m[22m[2m Γöé gzip:   0.27 kB[22m
[2mdist/[22m[36massets/classDiagram-2ON5EDUG-CWqV7yEM.js         [39m[1m[2m  0.40 kB[22m[1m[22m[2m Γöé gzip:   0.29 kB[22m
[2mdist/[22m[36massets/classDiagram-v2-WZHVMYZB-CWqV7yEM.js      [39m[1m[2m  0.40 kB[22m[1m[22m[2m Γöé gzip:   0.29 kB[22m
[2mdist/[22m[36massets/chunk-QN33PNHL-ocYZyJVZ.js                [39m[1m[2m  0.53 kB[22m[1m[22m[2m Γöé gzip:   0.37 kB[22m
[2mdist/[22m[36massets/infoDiagram-HS3SLOUP-BiAndxkT.js          [39m[1m[2m  0.66 kB[22m[1m[22m[2m Γöé gzip:   0.44 kB[22m
[2mdist/[22m[36massets/ordinal-Cboi1Yqb.js                       [39m[1m[2m  1.19 kB[22m[1m[22m[2m Γöé gzip:   0.57 kB[22m
[2mdist/[22m[36massets/chunk-TZMSLE5B-_rzRCt3f.js                [39m[1m[2m  1.41 kB[22m[1m[22m[2m Γöé gzip:   0.62 kB[22m
[2mdist/[22m[36massets/_basePickBy-u2J4p_Eh.js                   [39m[1m[2m  2.58 kB[22m[1m[22m[2m Γöé gzip:   1.28 kB[22m
[2mdist/[22m[36massets/arc-Cze3ASqG.js                           [39m[1m[2m  3.43 kB[22m[1m[22m[2m Γöé gzip:   1.48 kB[22m
[2mdist/[22m[36massets/diagram-S2PKOQOG-rqlAu_B9.js              [39m[1m[2m  4.30 kB[22m[1m[22m[2m Γöé gzip:   1.89 kB[22m
[2mdist/[22m[36massets/defaultLocale-DX6XiGOO.js                 [39m[1m[2m  4.69 kB[22m[1m[22m[2m Γöé gzip:   2.18 kB[22m
[2mdist/[22m[36massets/pieDiagram-ADFJNKIX-B4a918W-.js           [39m[1m[2m  5.23 kB[22m[1m[22m[2m Γöé gzip:   2.32 kB[22m
[2mdist/[22m[36massets/linear-Bw6ZgxTg.js                        [39m[1m[2m  5.65 kB[22m[1m[22m[2m Γöé gzip:   2.31 kB[22m
[2mdist/[22m[36massets/graph-DMDqGHHx.js                         [39m[1m[2m  5.91 kB[22m[1m[22m[2m Γöé gzip:   1.87 kB[22m
[2mdist/[22m[36massets/diagram-QEK2KX5R-DO-VRHnq.js              [39m[1m[2m  6.02 kB[22m[1m[22m[2m Γöé gzip:   2.53 kB[22m
[2mdist/[22m[36massets/stateDiagram-FKZM4ZOC-jDEshMGr.js         [39m[1m[2m 10.35 kB[22m[1m[22m[2m Γöé gzip:   3.62 kB[22m
[2mdist/[22m[36massets/dagre-6UL2VRFP-BG-dkBkC.js                [39m[1m[2m 11.23 kB[22m[1m[22m[2m Γöé gzip:   4.18 kB[22m
[2mdist/[22m[36massets/_baseUniq-D40zpmGI.js                     [39m[1m[2m 11.90 kB[22m[1m[22m[2m Γöé gzip:   4.65 kB[22m
[2mdist/[22m[36massets/diagram-PSM6KHXK-Cn7pxIs4.js              [39m[1m[2m 15.95 kB[22m[1m[22m[2m Γöé gzip:   5.70 kB[22m
[2mdist/[22m[36massets/kanban-definition-3W4ZIXB7-C1dJ94sL.js    [39m[1m[2m 20.56 kB[22m[1m[22m[2m Γöé gzip:   7.23 kB[22m
[2mdist/[22m[36massets/mindmap-definition-VGOIOE7T-DRw16YXU.js   [39m[1m[2m 21.00 kB[22m[1m[22m[2m Γöé gzip:   7.32 kB[22m
[2mdist/[22m[36massets/sankeyDiagram-TZEHDZUN-Gmgfap9X.js        [39m[1m[2m 22.20 kB[22m[1m[22m[2m Γöé gzip:   8.13 kB[22m
[2mdist/[22m[36massets/journeyDiagram-XKPGCS4Q-BG9vwjED.js       [39m[1m[2m 23.52 kB[22m[1m[22m[2m Γöé gzip:   8.31 kB[22m
[2mdist/[22m[36massets/timeline-definition-IT6M3QCI-BxkCp-yF.js  [39m[1m[2m 23.69 kB[22m[1m[22m[2m Γöé gzip:   8.27 kB[22m
[2mdist/[22m[36massets/gitGraphDiagram-V2S2FVAM-dCacWDKL.js      [39m[1m[2m 24.69 kB[22m[1m[22m[2m Γöé gzip:   7.59 kB[22m
[2mdist/[22m[36massets/erDiagram-Q2GNP2WA-BrHDg1iv.js            [39m[1m[2m 25.30 kB[22m[1m[22m[2m Γöé gzip:   8.84 kB[22m
[2mdist/[22m[36massets/layout-B2iZACbk.js                        [39m[1m[2m 27.38 kB[22m[1m[22m[2m Γöé gzip:   9.72 kB[22m
[2mdist/[22m[36massets/requirementDiagram-UZGBJVZJ-DIE3DILO.js   [39m[1m[2m 30.23 kB[22m[1m[22m[2m Γöé gzip:   9.48 kB[22m
[2mdist/[22m[36massets/quadrantDiagram-AYHSOK5B-dZM6wNe7.js      [39m[1m[2m 34.28 kB[22m[1m[22m[2m Γöé gzip:  10.08 kB[22m
[2mdist/[22m[36massets/chunk-DI55MBZ5-Df71MZhV.js                [39m[1m[2m 36.78 kB[22m[1m[22m[2m Γöé gzip:  11.97 kB[22m
[2mdist/[22m[36massets/xychartDiagram-PRI3JC2R-CLQ18G-c.js       [39m[1m[2m 40.17 kB[22m[1m[22m[2m Γöé gzip:  11.42 kB[22m
[2mdist/[22m[36massets/chunk-B4BG7PRW-DBB8jq8u.js                [39m[1m[2m 45.40 kB[22m[1m[22m[2m Γöé gzip:  14.73 kB[22m
[2mdist/[22m[36massets/flowDiagram-NV44I4VS-vwVfl1SC.js          [39m[1m[2m 61.07 kB[22m[1m[22m[2m Γöé gzip:  19.57 kB[22m
[2mdist/[22m[36massets/ganttDiagram-JELNMOA3-Bx-mLzE1.js         [39m[1m[2m 68.02 kB[22m[1m[22m[2m Γöé gzip:  23.01 kB[22m
[2mdist/[22m[36massets/c4Diagram-YG6GDRKO-CgzZCxi8.js            [39m[1m[2m 70.11 kB[22m[1m[22m[2m Γöé gzip:  19.67 kB[22m
[2mdist/[22m[36massets/blockDiagram-VD42YOAC-C5Got-C9.js         [39m[1m[2m 73.12 kB[22m[1m[22m[2m Γöé gzip:  20.81 kB[22m
[2mdist/[22m[36massets/cose-bilkent-S5V4N54A-CXd3XTfS.js         [39m[1m[2m 81.51 kB[22m[1m[22m[2m Γöé gzip:  22.42 kB[22m
[2mdist/[22m[36massets/sequenceDiagram-WL72ISMW-DOYGfYQI.js      [39m[1m[2m 98.07 kB[22m[1m[22m[2m Γöé gzip:  26.93 kB[22m
[2mdist/[22m[36massets/architectureDiagram-VXUJARFQ-rNoGet78.js  [39m[1m[2m148.72 kB[22m[1m[22m[2m Γöé gzip:  42.17 kB[22m
[2mdist/[22m[36massets/katex-CBSAILhF.js                         [39m[1m[2m262.60 kB[22m[1m[22m[2m Γöé gzip:  77.51 kB[22m
[2mdist/[22m[36massets/cytoscape.esm-CyJtwmzi.js                 [39m[1m[2m442.41 kB[22m[1m[22m[2m Γöé gzip: 141.90 kB[22m
[2mdist/[22m[36massets/treemap-GDKQZRPO-D3F9GaYk.js              [39m[1m[2m452.83 kB[22m[1m[22m[2m Γöé gzip: 107.33 kB[22m
[2mdist/[22m[36massets/index-BLv1M50x.js                         [39m[1m[33m858.06 kB[39m[22m[2m Γöé gzip: 256.66 kB[22m
[32mΓ£ô built in 17.70s[39m
